C51 COMPILER V9.60.0.0   DOTM                                                              06/29/2020 23:30:31 PAGE 1   


C51 COMPILER V9.60.0.0, COMPILATION OF MODULE DOTM
OBJECT MODULE PLACED IN .\Objects\dotm.obj
COMPILER INVOKED BY: C:\Keil_v5\C51\BIN\C51.exe src\dotm.c OPTIMIZE(8,SPEED) BROWSE DEBUG OBJECTEXTEND PRINT(.\Listings\
                    -dotm.lst) OBJECT(.\Objects\dotm.obj)

line level    source

   1          #include <AT89X52.H>
   2          #include "../inc/frog.h"
   3          
   4          void dotm_put(u8 buf[8])
   5          {
   6   1          u8 i, j;
   7   1      
   8   1          for (i = 0; i < 8; i++)
   9   1          {
  10   2              for (j = 0; j < 8; j++)
  11   2              {
  12   3              }
  13   2          }
  14   1      }
*** WARNING C280 IN LINE 4 OF src\dotm.c: 'buf': unreferenced local variable


MODULE INFORMATION:   STATIC OVERLAYABLE
   CODE SIZE        =     37    ----
   CONSTANT SIZE    =   ----    ----
   XDATA SIZE       =   ----    ----
   PDATA SIZE       =   ----    ----
   DATA SIZE        =   ----       3
   IDATA SIZE       =   ----    ----
   BIT SIZE         =   ----    ----
END OF MODULE INFORMATION.


C51 COMPILATION COMPLETE.  1 WARNING(S),  0 ERROR(S)
