C51 COMPILER V9.60.0.0   SP                                                                06/29/2020 23:32:25 PAGE 1   


C51 COMPILER V9.60.0.0, COMPILATION OF MODULE SP
OBJECT MODULE PLACED IN .\Objects\sp.obj
COMPILER INVOKED BY: C:\Keil_v5\C51\BIN\C51.exe src\sp.c OPTIMIZE(8,SPEED) BROWSE DEBUG OBJECTEXTEND PRINT(.\Listings\sp
                    -.lst) OBJECT(.\Objects\sp.obj)

line level    source

   1          #include <AT89X52.H>
   2          #include "../inc/frog.h"
   3          
   4          void sp_init()
   5          {
   6   1          TMOD = 0x11; // Timer 0, 1 are 16 bit mode
   7   1          ET0 = ET1 = 1; // Enable timers' interrupt
   8   1          EX0 = 1; // Enable external interrupt
   9   1          IT0 = 1; // Set interrupt mode to falling edge
  10   1          EA = 1; // Enable main interrupt flag
  11   1      }


MODULE INFORMATION:   STATIC OVERLAYABLE
   CODE SIZE        =     14    ----
   CONSTANT SIZE    =   ----    ----
   XDATA SIZE       =   ----    ----
   PDATA SIZE       =   ----    ----
   DATA SIZE        =   ----    ----
   IDATA SIZE       =   ----    ----
   BIT SIZE         =   ----    ----
END OF MODULE INFORMATION.


C51 COMPILATION COMPLETE.  0 WARNING(S),  0 ERROR(S)
